{
  "stats": {
    "suites": 1,
    "tests": 4,
    "passes": 4,
    "pending": 0,
    "failures": 0,
    "start": "2022-04-17T16:47:38.733Z",
    "end": "2022-04-17T16:47:54.095Z",
    "duration": 15362,
    "testsRegistered": 4,
    "passPercent": 100,
    "pendingPercent": 0,
    "other": 0,
    "hasOther": false,
    "skipped": 0,
    "hasSkipped": false
  },
  "results": [
    {
      "uuid": "111791e4-7389-41fd-9df7-1f189f5db8d9",
      "title": "",
      "fullFile": "cypress/integration/3-AluraPic/alurapic.spec.js",
      "file": "cypress/integration/3-AluraPic/alurapic.spec.js",
      "beforeHooks": [],
      "afterHooks": [],
      "tests": [],
      "suites": [
        {
          "uuid": "3d50f691-11dc-4477-b89e-bc8ac17127f2",
          "title": "Login e registro de usuarios alura pic",
          "fullFile": "",
          "file": "",
          "beforeHooks": [],
          "afterHooks": [],
          "tests": [
            {
              "title": "verifica mensagens validacao",
              "fullTitle": "Login e registro de usuarios alura pic verifica mensagens validacao",
              "timedOut": null,
              "duration": 7873,
              "state": "passed",
              "speed": "medium",
              "pass": true,
              "fail": false,
              "pending": false,
              "context": null,
              "code": "cy.contains('a', 'Register now').click();\ncy.contains('button', 'Register').click();\ncy.contains('ap-vmessage', 'Email is required!').should('be.visible');\ncy.contains('button', 'Register').click();\ncy.contains('ap-vmessage', 'Full name is required!').should('be.visible');\ncy.contains('ap-vmessage', 'User name is required!').should('be.visible');\ncy.contains('ap-vmessage', 'Password is required!').should('be.visible');",
              "err": {},
              "uuid": "0c2aea69-9df9-4dda-bfc2-9a882e56d765",
              "parentUUID": "3d50f691-11dc-4477-b89e-bc8ac17127f2",
              "isHook": false,
              "skipped": false
            },
            {
              "title": "verifica mensagem email invalido",
              "fullTitle": "Login e registro de usuarios alura pic verifica mensagem email invalido",
              "timedOut": null,
              "duration": 1281,
              "state": "passed",
              "speed": "fast",
              "pass": true,
              "fail": false,
              "pending": false,
              "context": null,
              "code": "cy.contains('a', 'Register now').click();\ncy.contains('button', 'Register').click();\ncy.get('input[formcontrolname=\"email\"]').type('anything');\ncy.contains('ap-vmessage', 'Invalid e-mail').should('be.visible');",
              "err": {},
              "uuid": "a3938978-94e1-4392-a79e-133fa6b0e25c",
              "parentUUID": "3d50f691-11dc-4477-b89e-bc8ac17127f2",
              "isHook": false,
              "skipped": false
            },
            {
              "title": "verifica mensagem senha com menos de 8 caracteres",
              "fullTitle": "Login e registro de usuarios alura pic verifica mensagem senha com menos de 8 caracteres",
              "timedOut": null,
              "duration": 1510,
              "state": "passed",
              "speed": "fast",
              "pass": true,
              "fail": false,
              "pending": false,
              "context": null,
              "code": "cy.contains('a', 'Register now').click();\ncy.contains('button', 'Register').click();\ncy.get('input[formcontrolname=\"password\"]').type('lesst8').blur();\ncy.contains('ap-vmessage', 'Mininum length is 8').should('be.visible');",
              "err": {},
              "uuid": "ea9fc050-27fe-4e65-9a4a-b724ddba2db7",
              "parentUUID": "3d50f691-11dc-4477-b89e-bc8ac17127f2",
              "isHook": false,
              "skipped": false
            },
            {
              "title": "verifica mensagem usuario com caractere maiusculo",
              "fullTitle": "Login e registro de usuarios alura pic verifica mensagem usuario com caractere maiusculo",
              "timedOut": null,
              "duration": 1273,
              "state": "passed",
              "speed": "fast",
              "pass": true,
              "fail": false,
              "pending": false,
              "context": null,
              "code": "cy.contains('a', 'Register now').click();\ncy.contains('button', 'Register').click();\ncy.get('input[formcontrolname=\"userName\"]').type('User').blur();\ncy.contains('ap-vmessage', 'Must be lower case').should('be.visible');",
              "err": {},
              "uuid": "ae6d3397-c9e1-4a33-a86c-1e1cca8b6854",
              "parentUUID": "3d50f691-11dc-4477-b89e-bc8ac17127f2",
              "isHook": false,
              "skipped": false
            }
          ],
          "suites": [],
          "passes": [
            "0c2aea69-9df9-4dda-bfc2-9a882e56d765",
            "a3938978-94e1-4392-a79e-133fa6b0e25c",
            "ea9fc050-27fe-4e65-9a4a-b724ddba2db7",
            "ae6d3397-c9e1-4a33-a86c-1e1cca8b6854"
          ],
          "failures": [],
          "pending": [],
          "skipped": [],
          "duration": 11937,
          "root": false,
          "rootEmpty": false,
          "_timeout": 2000
        }
      ],
      "passes": [],
      "failures": [],
      "pending": [],
      "skipped": [],
      "duration": 0,
      "root": true,
      "rootEmpty": true,
      "_timeout": 2000
    }
  ],
  "meta": {
    "mocha": {
      "version": "7.0.1"
    },
    "mochawesome": {
      "options": {
        "quiet": false,
        "reportFilename": "mochawesome",
        "saveHtml": true,
        "saveJson": true,
        "consoleReporter": "spec",
        "useInlineDiffs": false,
        "code": true
      },
      "version": "7.1.3"
    },
    "marge": {
      "options": {
        "reporterDir": "cypress/report/mochawesome-report",
        "overwrite": true,
        "html": true,
        "json": true,
        "timestamp": "mmddyyyy_HHMMss"
      },
      "version": "6.2.0"
    }
  }
}