{
  "stats": {
    "suites": 1,
    "tests": 2,
    "passes": 2,
    "pending": 0,
    "failures": 0,
    "start": "2022-04-17T18:04:35.617Z",
    "end": "2022-04-17T18:04:44.283Z",
    "duration": 8666,
    "testsRegistered": 2,
    "passPercent": 100,
    "pendingPercent": 0,
    "other": 0,
    "hasOther": false,
    "skipped": 0,
    "hasSkipped": false
  },
  "results": [
    {
      "uuid": "b9afc0f0-82d2-408d-824b-3f59b798af3e",
      "title": "",
      "fullFile": "cypress/integration/3-AluraPic/alurapic.spec.js",
      "file": "cypress/integration/3-AluraPic/alurapic.spec.js",
      "beforeHooks": [],
      "afterHooks": [],
      "tests": [],
      "suites": [
        {
          "uuid": "77560bde-465a-4596-9858-fb08c4e0bab8",
          "title": "Login e registro de usuarios alura pic",
          "fullFile": "",
          "file": "",
          "beforeHooks": [],
          "afterHooks": [],
          "tests": [
            {
              "title": "fazer login de usuario valido",
              "fullTitle": "Login e registro de usuarios alura pic fazer login de usuario valido",
              "timedOut": null,
              "duration": 4802,
              "state": "passed",
              "speed": "fast",
              "pass": true,
              "fail": false,
              "pending": false,
              "context": null,
              "code": "cy.login('flavio', '123');\ncy.contains('a', '(Logout)').should('be.visible');",
              "err": {},
              "uuid": "dad3c566-7998-48d4-af0c-2134dfa58cd8",
              "parentUUID": "77560bde-465a-4596-9858-fb08c4e0bab8",
              "isHook": false,
              "skipped": false
            },
            {
              "title": "fazer login de usuario invalido",
              "fullTitle": "Login e registro de usuarios alura pic fazer login de usuario invalido",
              "timedOut": null,
              "duration": 1690,
              "state": "passed",
              "speed": "fast",
              "pass": true,
              "fail": false,
              "pending": false,
              "context": null,
              "code": "cy.login('eduardo', '0123');\ncy.on('window:alert', str => {\n  expect(str).to.equal('Invalid user name or password');\n});",
              "err": {},
              "uuid": "d56432b8-dc0d-40ba-aa19-422da83352c7",
              "parentUUID": "77560bde-465a-4596-9858-fb08c4e0bab8",
              "isHook": false,
              "skipped": false
            }
          ],
          "suites": [],
          "passes": [
            "dad3c566-7998-48d4-af0c-2134dfa58cd8",
            "d56432b8-dc0d-40ba-aa19-422da83352c7"
          ],
          "failures": [],
          "pending": [],
          "skipped": [],
          "duration": 6492,
          "root": false,
          "rootEmpty": false,
          "_timeout": 2000
        }
      ],
      "passes": [],
      "failures": [],
      "pending": [],
      "skipped": [],
      "duration": 0,
      "root": true,
      "rootEmpty": true,
      "_timeout": 2000
    }
  ],
  "meta": {
    "mocha": {
      "version": "7.0.1"
    },
    "mochawesome": {
      "options": {
        "quiet": false,
        "reportFilename": "mochawesome",
        "saveHtml": true,
        "saveJson": true,
        "consoleReporter": "spec",
        "useInlineDiffs": false,
        "code": true
      },
      "version": "7.1.3"
    },
    "marge": {
      "options": {
        "reporterDir": "cypress/report/mochawesome-report",
        "overwrite": true,
        "html": true,
        "json": true,
        "timestamp": "mmddyyyy_HHMMss"
      },
      "version": "6.2.0"
    }
  }
}